0 silly input [ 'test-build' ]
1 silly flags { _: [ 'run' ],
1 silly flags   'reject-cycles': false,
1 silly flags   rejectCycles: false,
1 silly flags   script: 'test-build',
1 silly flags   args: [] }
2 verbose rootPath /home/zephinzer/govtech/node-boilerplate
3 info version 2.11.0
4 silly existsSync /home/zephinzer/govtech/node-boilerplate/VERSION
5 info versioning independent
6 silly initialize attempt
7 silly initialize success
8 silly execute attempt
9 silly runScriptInDir test-build [] node-boilerplate-middleware
10 silly getExecOpts { cwd: '/home/zephinzer/govtech/node-boilerplate/packages/node-boilerplate-middleware' }
11 error test-build Errored while running script in '@mcf/server-boilerplate-middleware'
12 error execute callback with error
13 error Error: Command failed: npm run test-build
13 error Warning: Could not find any test files matching pattern: dist/**/*.test.js
13 error No test files found
13 error npm ERR! code ELIFECYCLE
13 error npm ERR! errno 1
13 error npm ERR! @mcf/server-boilerplate-middleware@0.0.2 test-build: `npx mocha --require babel-register "dist/**/*.test.js" `
13 error npm ERR! Exit status 1
13 error npm ERR!
13 error npm ERR! Failed at the @mcf/server-boilerplate-middleware@0.0.2 test-build script.
13 error npm ERR! This is probably not a problem with npm. There is likely additional logging output above.
13 error
13 error npm ERR! A complete log of this run can be found in:
13 error npm ERR!     /home/zephinzer/.npm/_logs/2018-05-10T09_30_48_894Z-debug.log
13 error
13 error > @mcf/server-boilerplate-middleware@0.0.2 test-build /home/zephinzer/govtech/node-boilerplate/packages/node-boilerplate-middleware
13 error > npx mocha --require babel-register "dist/**/*.test.js"
13 error
13 error
13 error     at Promise.all.then.arr (/home/zephinzer/.nvm/versions/node/v8.10.0/lib/node_modules/lerna/node_modules/execa/index.js:236:11)
13 error     at <anonymous>
